Flow report for counterUp_Down
Mon Oct 19 20:52:28 2015
Quartus II Version 9.1 Build 304 01/25/2010 Service Pack 1 SJ Web Edition


---------------------
; Table of Contents ;
---------------------
  1. Legal Notice
  2. Flow Summary
  3. Flow Settings
  4. Flow Non-Default Global Settings
  5. Flow Elapsed Time
  6. Flow OS Summary
  7. Flow Log



----------------
; Legal Notice ;
----------------
Copyright (C) 1991-2010 Altera Corporation
Your use of Altera Corporation's design tools, logic functions 
and other software and tools, and its AMPP partner logic 
functions, and any output files from any of the foregoing 
(including device programming or simulation files), and any 
associated documentation or information are expressly subject 
to the terms and conditions of the Altera Program License 
Subscription Agreement, Altera MegaCore Function License 
Agreement, or other applicable license agreement, including, 
without limitation, that your use is for the sole purpose of 
programming logic devices manufactured by Altera and sold by 
Altera or its authorized distributors.  Please refer to the 
applicable agreement for further details.



+-----------------------------------------------------------------------------------+
; Flow Summary                                                                      ;
+------------------------------------+----------------------------------------------+
; Flow Status                        ; Successful - Mon Oct 19 20:52:28 2015        ;
; Quartus II Version                 ; 9.1 Build 304 01/25/2010 SP 1 SJ Web Edition ;
; Revision Name                      ; counterUp_Down                               ;
; Top-level Entity Name              ; counterUp_Down                               ;
; Family                             ; Cyclone II                                   ;
; Device                             ; EP2C20F484C7                                 ;
; Timing Models                      ; Final                                        ;
; Met timing requirements            ; Yes                                          ;
; Total logic elements               ; 105 / 18,752 ( < 1 % )                       ;
;     Total combinational functions  ; 105 / 18,752 ( < 1 % )                       ;
;     Dedicated logic registers      ; 32 / 18,752 ( < 1 % )                        ;
; Total registers                    ; 32                                           ;
; Total pins                         ; 45 / 315 ( 14 % )                            ;
; Total virtual pins                 ; 0                                            ;
; Total memory bits                  ; 0 / 239,616 ( 0 % )                          ;
; Embedded Multiplier 9-bit elements ; 0 / 52 ( 0 % )                               ;
; Total PLLs                         ; 0 / 4 ( 0 % )                                ;
+------------------------------------+----------------------------------------------+


+-----------------------------------------+
; Flow Settings                           ;
+-------------------+---------------------+
; Option            ; Setting             ;
+-------------------+---------------------+
; Start date & time ; 10/19/2015 20:51:56 ;
; Main task         ; Compilation         ;
; Revision Name     ; counterUp_Down      ;
+-------------------+---------------------+


+-----------------------------------------------------------------------------------------------------------------------------------------------+
; Flow Non-Default Global Settings                                                                                                              ;
+------------------------------------+-----------------------------------------------------------+---------------+-------------+----------------+
; Assignment Name                    ; Value                                                     ; Default Value ; Entity Name ; Section Id     ;
+------------------------------------+-----------------------------------------------------------+---------------+-------------+----------------+
; COMPILER_SIGNATURE_ID              ; 128120924172181.144528071505400                           ; --            ; --          ; --             ;
; MAX_CORE_JUNCTION_TEMP             ; 85                                                        ; --            ; --          ; --             ;
; MIN_CORE_JUNCTION_TEMP             ; 0                                                         ; --            ; --          ; --             ;
; MISC_FILE                          ; C:/Users/Paballo/Desktop/Final Project/counterUp_Down.dpf ; --            ; --          ; --             ;
; PARTITION_COLOR                    ; 16764057                                                  ; --            ; --          ; Top            ;
; PARTITION_NETLIST_TYPE             ; SOURCE                                                    ; --            ; --          ; Top            ;
; USE_GENERATED_PHYSICAL_CONSTRAINTS ; Off                                                       ; --            ; --          ; eda_blast_fpga ;
+------------------------------------+-----------------------------------------------------------+---------------+-------------+----------------+


+-----------------------------------------------------------------------------------------------------------------------------+
; Flow Elapsed Time                                                                                                           ;
+-------------------------+--------------+-------------------------+---------------------+------------------------------------+
; Module Name             ; Elapsed Time ; Average Processors Used ; Peak Virtual Memory ; Total CPU Time (on all processors) ;
+-------------------------+--------------+-------------------------+---------------------+------------------------------------+
; Analysis & Synthesis    ; 00:00:06     ; 1.0                     ; 260 MB              ; 00:00:05                           ;
; Fitter                  ; 00:00:12     ; 1.0                     ; 287 MB              ; 00:00:11                           ;
; Assembler               ; 00:00:08     ; 1.0                     ; 253 MB              ; 00:00:04                           ;
; Classic Timing Analyzer ; 00:00:01     ; 1.0                     ; 183 MB              ; 00:00:01                           ;
; Total                   ; 00:00:27     ; --                      ; --                  ; 00:00:21                           ;
+-------------------------+--------------+-------------------------+---------------------+------------------------------------+


+------------------------------------------------------------------------------------------+
; Flow OS Summary                                                                          ;
+-------------------------+------------------+---------------+------------+----------------+
; Module Name             ; Machine Hostname ; OS Name       ; OS Version ; Processor type ;
+-------------------------+------------------+---------------+------------+----------------+
; Analysis & Synthesis    ; DESKTOP-5EG155L  ; Windows Vista ; 6.2        ; x86_64         ;
; Fitter                  ; DESKTOP-5EG155L  ; Windows Vista ; 6.2        ; x86_64         ;
; Assembler               ; DESKTOP-5EG155L  ; Windows Vista ; 6.2        ; x86_64         ;
; Classic Timing Analyzer ; DESKTOP-5EG155L  ; Windows Vista ; 6.2        ; x86_64         ;
+-------------------------+------------------+---------------+------------+----------------+


------------
; Flow Log ;
------------
quartus_map --read_settings_files=on --write_settings_files=off counterUp_Down -c counterUp_Down
quartus_fit --read_settings_files=off --write_settings_files=off counterUp_Down -c counterUp_Down
quartus_asm --read_settings_files=off --write_settings_files=off counterUp_Down -c counterUp_Down
quartus_tan --read_settings_files=off --write_settings_files=off counterUp_Down -c counterUp_Down --timing_analysis_only



